{
  "stats": {
    "suites": 1,
    "tests": 3,
    "passes": 3,
    "pending": 0,
    "failures": 0,
    "start": "2019-05-22T21:38:44.700Z",
    "end": "2019-05-22T21:38:44.730Z",
    "duration": 30,
    "testsRegistered": 3,
    "passPercent": 100,
    "pendingPercent": 0,
    "other": 0,
    "hasOther": false,
    "skipped": 0,
    "hasSkipped": false,
    "passPercentClass": "success",
    "pendingPercentClass": "danger"
  },
  "suites": {
    "uuid": "61571197-d9f7-4936-bbb7-2a7a39214e0c",
    "title": "",
    "fullFile": "",
    "file": "",
    "beforeHooks": [],
    "afterHooks": [],
    "tests": [],
    "suites": [
      {
        "uuid": "e15e0da2-314a-4790-8a59-116c15104961",
        "title": "Testes de Contrato",
        "fullFile": "/Users/c.henrique.de.araujo/Documents/Darling-API/tests/journey_test.js",
        "file": "/tests/journey_test.js",
        "beforeHooks": [],
        "afterHooks": [],
        "tests": [
          {
            "title": "Realizar Login",
            "fullTitle": "Testes de Contrato Realizar Login",
            "timedOut": false,
            "duration": 15,
            "state": "passed",
            "speed": "fast",
            "pass": true,
            "fail": false,
            "pending": false,
            "code": "this.timeout(request_timeout);\nrequest(URL)\n.post(PATH_LOGIN)\n.send(user)\n.expect(\"Content-Type\", /json/)\n.end(function(err, res) {\n    expect(res.status).to.be.eql(201);\n    joiAssert(res.body, schemaLogin);\n    done(err);\n    });",
            "err": {},
            "isRoot": false,
            "uuid": "bb146d7e-05c3-42ed-9e7b-5a24858858dc",
            "isHook": false,
            "skipped": false
          },
          {
            "title": "Listar clientes",
            "fullTitle": "Testes de Contrato Listar clientes",
            "timedOut": false,
            "duration": 7,
            "state": "passed",
            "speed": "fast",
            "pass": true,
            "fail": false,
            "pending": false,
            "code": "this.timeout(request_timeout);\nrequest(URL)\n.get(PATH_CLIENTS)\n.expect(\"Content-type\", /json/)\n.end(function(err, res) {\n    expect(res.status).to.be.eql(200);\n    joiAssert(res.body, schemaClients);\n    id = res.body.clients[0].id\n    done(err);\n});",
            "err": {},
            "isRoot": false,
            "uuid": "ff75a028-90ed-4c7b-9232-acdd06531070",
            "isHook": false,
            "skipped": false
          },
          {
            "title": "Detalhes do cliente",
            "fullTitle": "Testes de Contrato Detalhes do cliente",
            "timedOut": false,
            "duration": 3,
            "state": "passed",
            "speed": "fast",
            "pass": true,
            "fail": false,
            "pending": false,
            "code": "this.timeout(request_timeout);\nrequest(URL)\n    .get(PATH_CLIENTS + '/' + id)\n    .expect(\"Content-type\", /json/)\n    .end(function (err, res) {\n        expect(res.status).to.be.eql(200);\n        joiAssert(res.body, schemaDetails);\n        done(err);\n    });",
            "err": {},
            "isRoot": false,
            "uuid": "151292f3-29f3-4545-8b74-7e7bd67464be",
            "isHook": false,
            "skipped": false
          }
        ],
        "suites": [],
        "passes": [
          "bb146d7e-05c3-42ed-9e7b-5a24858858dc",
          "ff75a028-90ed-4c7b-9232-acdd06531070",
          "151292f3-29f3-4545-8b74-7e7bd67464be"
        ],
        "failures": [],
        "pending": [],
        "skipped": [],
        "duration": 25,
        "root": false,
        "rootEmpty": false,
        "_timeout": 2000
      }
    ],
    "passes": [],
    "failures": [],
    "pending": [],
    "skipped": [],
    "duration": 0,
    "root": true,
    "rootEmpty": true,
    "_timeout": 2000
  },
  "copyrightYear": 2019
}